\BOOKMARK [1][-]{section.1}{\376\377\000I\000n\000t\000r\000o\000d\000u\000z\000i\000o\000n\000e}{}% 1
\BOOKMARK [2][-]{subsection.1.1}{\376\377\000S\000p\000e\000c\000i\000f\000i\000c\000h\000e\000\040\000t\000e\000c\000n\000i\000c\000h\000e}{section.1}% 2
\BOOKMARK [1][-]{section.2}{\376\377\000A\000l\000g\000o\000r\000i\000t\000m\000i}{}% 3
\BOOKMARK [2][-]{subsection.2.1}{\376\377\000Q\000u\000i\000c\000k\000S\000o\000r\000t}{section.2}% 4
\BOOKMARK [3][-]{subsubsection.2.1.1}{\376\377\000A\000n\000a\000l\000i\000s\000i\000\040\000d\000e\000l\000l\000e\000\040\000c\000o\000m\000p\000l\000e\000s\000s\000i\000t\000\340}{subsection.2.1}% 5
\BOOKMARK [3][-]{subsubsection.2.1.2}{\376\377\000C\000o\000d\000i\000c\000e}{subsection.2.1}% 6
\BOOKMARK [2][-]{subsection.2.2}{\376\377\000Q\000u\000i\000c\000k\000S\000o\000r\000t\0003\000W\000a\000y}{section.2}% 7
\BOOKMARK [3][-]{subsubsection.2.2.1}{\376\377\000A\000n\000a\000l\000i\000s\000i\000\040\000d\000e\000l\000l\000e\000\040\000c\000o\000m\000p\000l\000e\000s\000s\000i\000t\000\340}{subsection.2.2}% 8
\BOOKMARK [3][-]{subsubsection.2.2.2}{\376\377\000C\000o\000d\000i\000c\000e}{subsection.2.2}% 9
\BOOKMARK [2][-]{subsection.2.3}{\376\377\000C\000o\000u\000n\000t\000i\000n\000g\000S\000o\000r\000t}{section.2}% 10
\BOOKMARK [3][-]{subsubsection.2.3.1}{\376\377\000A\000n\000a\000l\000i\000s\000i\000\040\000d\000e\000l\000l\000e\000\040\000c\000o\000m\000p\000l\000e\000s\000s\000i\000t\000\340}{subsection.2.3}% 11
\BOOKMARK [2][-]{subsection.2.4}{\376\377\000R\000a\000d\000i\000x\000S\000o\000r\000t}{section.2}% 12
\BOOKMARK [3][-]{subsubsection.2.4.1}{\376\377\000A\000n\000a\000l\000i\000s\000i\000\040\000d\000e\000l\000l\000e\000\040\000c\000o\000m\000p\000l\000e\000s\000s\000i\000t\000\340}{subsection.2.4}% 13
\BOOKMARK [3][-]{subsubsection.2.4.2}{\376\377\000M\000o\000t\000i\000v\000a\000z\000i\000o\000n\000i\000\040\000d\000e\000l\000l\000a\000\040\000s\000c\000e\000l\000t\000a}{subsection.2.4}% 14
\BOOKMARK [3][-]{subsubsection.2.4.3}{\376\377\000C\000o\000d\000i\000c\000e}{subsection.2.4}% 15
\BOOKMARK [1][-]{section.3}{\376\377\000M\000i\000s\000u\000r\000a\000z\000i\000o\000n\000i}{}% 16
\BOOKMARK [2][-]{subsection.3.1}{\376\377\000A\000n\000a\000l\000i\000s\000i\000\040\000d\000e\000l\000l\000e\000\040\000P\000r\000e\000s\000t\000a\000z\000i\000o\000n\000i\000\040\000a\000l\000\040\000V\000a\000r\000i\000a\000r\000e\000\040\000d\000e\000l\000l\000a\000\040\000D\000i\000m\000e\000n\000s\000i\000o\000n\000e\000\040\000d\000e\000l\000l\000'\000A\000r\000r\000a\000y\000\040\000\050\000S\000c\000a\000l\000a\000\040\000L\000i\000n\000e\000a\000r\000e\000\051}{section.3}% 17
\BOOKMARK [3][-]{paragraph.3.1.0.1}{\376\377\000D\000e\000s\000c\000r\000i\000z\000i\000o\000n\000e\000\040\000e\000\040\000o\000b\000i\000e\000t\000t\000i\000v\000o}{subsection.3.1}% 18
\BOOKMARK [4][-]{paragraph.3.1.0.2}{\376\377\000O\000s\000s\000e\000r\000v\000a\000z\000i\000o\000n\000i\000\040\000c\000h\000i\000a\000v\000e}{paragraph.3.1.0.1}% 19
\BOOKMARK [4][-]{paragraph.3.1.0.3}{\376\377\000C\000a\000v\000e\000a\000t\000\040\000i\000n\000t\000e\000r\000p\000r\000e\000t\000a\000t\000i\000v\000i}{paragraph.3.1.0.1}% 20
\BOOKMARK [2][-]{subsection.3.2}{\376\377\000A\000n\000a\000l\000i\000s\000i\000\040\000d\000e\000l\000l\000e\000\040\000P\000r\000e\000s\000t\000a\000z\000i\000o\000n\000i\000\040\000a\000l\000\040\000V\000a\000r\000i\000a\000r\000e\000\040\000d\000e\000l\000l\000a\000\040\000D\000i\000m\000e\000n\000s\000i\000o\000n\000e\000\040\000d\000e\000l\000l\000'\000A\000r\000r\000a\000y\000\040\000\050\000S\000c\000a\000l\000a\000\040\000L\000o\000g\000-\000L\000o\000g\000\051}{section.3}% 21
\BOOKMARK [3][-]{paragraph.3.2.0.1}{\376\377\000D\000e\000s\000c\000r\000i\000z\000i\000o\000n\000e\000\040\000e\000\040\000o\000b\000i\000e\000t\000t\000i\000v\000o}{subsection.3.2}% 22
\BOOKMARK [4][-]{paragraph.3.2.0.2}{\376\377\000I\000n\000t\000e\000r\000p\000r\000e\000t\000a\000z\000i\000o\000n\000e\000\040\000d\000e\000l\000l\000a\000\040\000p\000e\000n\000d\000e\000n\000z\000a}{paragraph.3.2.0.1}% 23
\BOOKMARK [2][-]{subsection.3.3}{\376\377\000I\000m\000p\000a\000t\000t\000o\000\040\000d\000e\000l\000\040\000R\000a\000n\000g\000e\000\040\000d\000e\000i\000\040\000V\000a\000l\000o\000r\000i\000\040\000s\000u\000l\000l\000e\000\040\000P\000r\000e\000s\000t\000a\000z\000i\000o\000n\000i\000\040\000\050\000S\000c\000a\000l\000a\000\040\000L\000i\000n\000e\000a\000r\000e\000\051}{section.3}% 24
\BOOKMARK [3][-]{paragraph.3.3.0.1}{\376\377\000D\000e\000s\000c\000r\000i\000z\000i\000o\000n\000e\000\040\000e\000\040\000o\000b\000i\000e\000t\000t\000i\000v\000o}{subsection.3.3}% 25
\BOOKMARK [4][-]{paragraph.3.3.0.2}{\376\377\000O\000s\000s\000e\000r\000v\000a\000z\000i\000o\000n\000i\000\040\000c\000h\000i\000a\000v\000e}{paragraph.3.3.0.1}% 26
\BOOKMARK [2][-]{subsection.3.4}{\376\377\000A\000n\000a\000l\000i\000s\000i\000\040\000d\000e\000l\000l\000'\000I\000m\000p\000a\000t\000t\000o\000\040\000d\000e\000l\000\040\000R\000a\000n\000g\000e\000\040\000d\000e\000i\000\040\000V\000a\000l\000o\000r\000i\000\040\000\050\000S\000c\000a\000l\000a\000\040\000L\000o\000g\000-\000L\000o\000g\000\051}{section.3}% 27
\BOOKMARK [3][-]{paragraph.3.4.0.1}{\376\377\000D\000e\000s\000c\000r\000i\000z\000i\000o\000n\000e\000\040\000e\000\040\000o\000b\000i\000e\000t\000t\000i\000v\000o}{subsection.3.4}% 28
\BOOKMARK [4][-]{paragraph.3.4.0.2}{\376\377\000I\000n\000t\000e\000r\000p\000r\000e\000t\000a\000z\000i\000o\000n\000e}{paragraph.3.4.0.1}% 29
\BOOKMARK [2][-]{subsection.3.5}{\376\377\000A\000n\000a\000l\000i\000s\000i\000\040\000d\000e\000i\000\040\000C\000a\000s\000i\000\040\000P\000e\000g\000g\000i\000o\000r\000i\000\040\000p\000e\000r\000\040\000g\000l\000i\000\040\000A\000l\000g\000o\000r\000i\000t\000m\000i\000\040\000Q\000u\000i\000c\000k\000S\000o\000r\000t}{section.3}% 30
\BOOKMARK [3][-]{paragraph.3.5.0.1}{\376\377\000D\000e\000s\000c\000r\000i\000z\000i\000o\000n\000e\000\040\000e\000\040\000o\000b\000i\000e\000t\000t\000i\000v\000o}{subsection.3.5}% 31
\BOOKMARK [4][-]{paragraph.3.5.0.2}{\376\377\000O\000s\000s\000e\000r\000v\000a\000z\000i\000o\000n\000i\000\040\000e\000\040\000i\000n\000t\000e\000r\000p\000r\000e\000t\000a\000z\000i\000o\000n\000i}{paragraph.3.5.0.1}% 32
\BOOKMARK [2][-]{subsection.3.6}{\376\377\000A\000n\000a\000l\000i\000s\000i\000\040\000C\000o\000m\000p\000a\000r\000a\000t\000i\000v\000a\000\040\000d\000e\000l\000l\000'\000I\000m\000p\000a\000t\000t\000o\000\040\000d\000e\000l\000\040\000R\000a\000n\000g\000e\000\040\000s\000u\000\040\000A\000l\000g\000o\000r\000i\000t\000m\000i\000\040\000N\000o\000n\000\040\000C\000o\000m\000p\000a\000r\000a\000t\000i\000v\000i}{section.3}% 33
\BOOKMARK [3][-]{paragraph.3.6.0.1}{\376\377\000D\000e\000s\000c\000r\000i\000z\000i\000o\000n\000e\000\040\000e\000\040\000o\000b\000i\000e\000t\000t\000i\000v\000o}{subsection.3.6}% 34
\BOOKMARK [4][-]{paragraph.3.6.0.2}{\376\377\000R\000e\000g\000i\000m\000i\000\040\000o\000s\000s\000e\000r\000v\000a\000t\000i}{paragraph.3.6.0.1}% 35
\BOOKMARK [1][-]{section.4}{\376\377\000C\000o\000n\000c\000l\000u\000s\000i\000o\000n\000i}{}% 36
\BOOKMARK [2][-]{paragraph.4.0.0.1}{\376\377\000S\000i\000n\000t\000e\000s\000i\000\040\000d\000e\000i\000\040\000r\000i\000s\000u\000l\000t\000a\000t\000i\000.}{section.4}% 37
\BOOKMARK [3][-]{paragraph.4.0.0.2}{\376\377\000V\000a\000l\000i\000d\000a\000z\000i\000o\000n\000e\000\040\000e\000m\000p\000i\000r\000i\000c\000a\000.}{paragraph.4.0.0.1}% 38
\BOOKMARK [4][-]{paragraph.4.0.0.3}{\376\377\000T\000r\000a\000d\000e\000-\000o\000f\000f\000\040\000p\000r\000a\000t\000i\000c\000i\000.}{paragraph.4.0.0.2}% 39
\BOOKMARK [4][-]{paragraph.4.0.0.4}{\376\377\000L\000i\000n\000e\000e\000\040\000g\000u\000i\000d\000a\000\040\000o\000p\000e\000r\000a\000t\000i\000v\000e\000.}{paragraph.4.0.0.2}% 40
\BOOKMARK [4][-]{paragraph.4.0.0.5}{\376\377\000L\000i\000m\000i\000t\000i\000\040\000e\000\040\000m\000i\000n\000a\000c\000c\000e\000\040\000a\000l\000l\000a\000\040\000v\000a\000l\000i\000d\000i\000t\000\340\000.}{paragraph.4.0.0.2}% 41
\BOOKMARK [4][-]{paragraph.4.0.0.6}{\376\377\000C\000o\000n\000c\000l\000u\000s\000i\000o\000n\000e\000\040\000f\000i\000n\000a\000l\000e\000.}{paragraph.4.0.0.2}% 42
